<?xml version="1.0" encoding="UTF-8"?>
<testng-results skipped="0" failed="0" ignored="0" total="1" passed="1">
  <reporter-output>
  </reporter-output>
  <suite name="ApiSuite" duration-ms="3952" started-at="2019-06-21T05:58:27Z" finished-at="2019-06-21T05:58:31Z">
    <groups>
    </groups>
    <test name="Test1" duration-ms="3952" started-at="2019-06-21T05:58:27Z" finished-at="2019-06-21T05:58:31Z">
      <class name="com.qa.tests.DemoTest">
        <test-method status="PASS" signature="test()[pri:0, instance:com.qa.tests.DemoTest@578486a3]" name="test" duration-ms="3926" started-at="2019-06-21T05:58:27Z" finished-at="2019-06-21T05:58:31Z">
          <reporter-output>
          </reporter-output>
        </test-method> <!-- test -->
      </class> <!-- com.qa.tests.DemoTest -->
    </test> <!-- Test1 -->
  </suite> <!-- ApiSuite -->
</testng-results>
